2016-07-28 15:22:10.179 | [main] | DEBUG | sampleLogger | ブルーアイズ
2016-07-28 15:23:42.286 | [main] | ERROR | sampleLogger | ブルーアイズ01
2016-07-28 15:25:15.505 | [main] | ERROR | sampleLogger | ブルーアイズ01
2016-07-28 15:42:46.356 | [main] | DEBUG | sampleLogger | ブルーアイズ
2016-07-28 15:42:46.357 | [main] | ERROR | sampleLogger | ブルーアイズ01
2016-07-28 15:42:46.357 | [main] | INFO  | sampleLogger | ブルーアイズ03
2016-07-28 15:42:46.357 | [main] | WARN  | sampleLogger | ブルーアイズ04
2016-07-28 15:45:29.104 | [main] | DEBUG | sampleLogger | ブルーアイズ
2016-07-28 15:45:29.213 | [main] | DEBUG | sampleLogger | ブルーアイズ
2016-07-28 15:45:29.213 | [main] | ERROR | sampleLogger | ブルーアイズ01
2016-07-28 15:45:29.213 | [main] | INFO  | sampleLogger | ブルーアイズ03
2016-07-28 15:45:29.213 | [main] | WARN  | sampleLogger | ブルーアイズ04
2016-07-28 15:50:34.339 | [main] | DEBUG | dao.DeckDAO | ブルーアイズ
2016-07-28 15:50:34.439 | [main] | DEBUG | sampleLogger | ブルーアイズ
2016-07-28 15:50:34.439 | [main] | ERROR | sampleLogger | ブルーアイズ01
2016-07-28 15:52:46.079 | [main] | DEBUG | dao.DeckDAO | ブルーアイズ
2016-07-28 15:52:46.187 | [main] | DEBUG | test.DeckDAOTest | ブルーアイズ
2016-07-28 15:52:46.187 | [main] | ERROR | test.DeckDAOTest | ブルーアイズ01
2016-07-28 15:53:49.034 | [main] | DEBUG | dao.DeckDAO | ブルーアイズ
2016-07-28 15:53:49.140 | [main] | DEBUG | test.DeckDAOTest | ブルーアイズ
2016-07-28 15:53:49.140 | [main] | ERROR | test.DeckDAOTest | ブルーアイズ01
2016-07-28 17:01:25.812 | [main] | DEBUG | dao.DeckDAO | ブルーアイズ
2016-07-28 17:01:25.989 | [main] | DEBUG | test.DeckDAOTest | ブルーアイズ
2016-07-28 17:01:25.989 | [main] | ERROR | test.DeckDAOTest | ブルーアイズ01
